{"level":"info","msg":"Traefik version 2.6.6 built on 2022-05-03T16:58:48Z","time":"2022-05-13T09:23:31Z"}
{"level":"debug","msg":"Static configuration loaded {\"global\":{\"checkNewVersion\":true},\"serversTransport\":{\"maxIdleConnsPerHost\":200},\"entryPoints\":{\"http\":{\"address\":\":80\",\"transport\":{\"lifeCycle\":{\"graceTimeOut\":\"10s\"},\"respondingTimeouts\":{\"idleTimeout\":\"3m0s\"}},\"forwardedHeaders\":{},\"http\":{\"redirections\":{\"entryPoint\":{\"to\":\"https\",\"scheme\":\"https\",\"permanent\":true,\"priority\":2147483646}}},\"udp\":{\"timeout\":\"3s\"}},\"https\":{\"address\":\":443\",\"transport\":{\"lifeCycle\":{\"graceTimeOut\":\"10s\"},\"respondingTimeouts\":{\"idleTimeout\":\"3m0s\"}},\"forwardedHeaders\":{},\"http\":{\"tls\":{\"certResolver\":\"myresolver\"}},\"udp\":{\"timeout\":\"3s\"}}},\"providers\":{\"providersThrottleDuration\":\"2s\",\"docker\":{\"watch\":true,\"endpoint\":\"unix:///var/run/docker.sock\",\"defaultRule\":\"Host(`{{ normalize .Name }}`)\",\"swarmModeRefreshSeconds\":\"15s\"}},\"api\":{\"dashboard\":true},\"metrics\":{\"prometheus\":{\"buckets\":[0.1,0.3,1.2,5],\"addEntryPointsLabels\":true,\"addRoutersLabels\":true,\"addServicesLabels\":true,\"entryPoint\":\"https\"}},\"log\":{\"level\":\"DEBUG\",\"filePath\":\"/log/traefik.log\",\"format\":\"json\"},\"accessLog\":{\"filePath\":\"/log/access.log\",\"format\":\"json\",\"filters\":{},\"fields\":{\"defaultMode\":\"keep\",\"headers\":{\"defaultMode\":\"drop\"}}},\"certificatesResolvers\":{\"myresolver\":{\"acme\":{\"email\":\"test@example.com\",\"caServer\":\"https://acme-v02.api.letsencrypt.org/directory\",\"storage\":\"acme.json\",\"keyType\":\"RSA4096\",\"certificatesDuration\":2160,\"httpChallenge\":{\"entryPoint\":\"http\"}}}},\"pilot\":{\"dashboard\":true}}","time":"2022-05-13T09:23:31Z"}
{"level":"info","msg":"\nStats collection is disabled.\nHelp us improve Traefik by turning this feature on :)\nMore details on: https://doc.traefik.io/traefik/contributing/data-collection/\n","time":"2022-05-13T09:23:31Z"}
{"level":"debug","metricsProviderName":"prometheus","msg":"Configured Prometheus metrics","time":"2022-05-13T09:23:31Z"}
{"entryPointName":"http","level":"debug","msg":"Start TCP Server","time":"2022-05-13T09:23:31Z"}
{"level":"info","msg":"Starting provider aggregator.ProviderAggregator","time":"2022-05-13T09:23:31Z"}
{"entryPointName":"https","level":"debug","msg":"Start TCP Server","time":"2022-05-13T09:23:31Z"}
{"level":"info","msg":"Starting provider *docker.Provider","time":"2022-05-13T09:23:31Z"}
{"level":"info","msg":"Starting provider *acme.Provider","time":"2022-05-13T09:23:31Z"}
{"level":"debug","msg":"*acme.Provider provider configuration: {\"email\":\"test@example.com\",\"caServer\":\"https://acme-v02.api.letsencrypt.org/directory\",\"storage\":\"acme.json\",\"keyType\":\"RSA4096\",\"certificatesDuration\":2160,\"httpChallenge\":{\"entryPoint\":\"http\"},\"ResolverName\":\"myresolver\",\"store\":{},\"TLSChallengeProvider\":{\"Timeout\":4000000000},\"HTTPChallengeProvider\":{}}","time":"2022-05-13T09:23:31Z"}
{"level":"info","msg":"Starting provider *acme.ChallengeTLSALPN","time":"2022-05-13T09:23:31Z"}
{"level":"info","msg":"Starting provider *traefik.Provider","time":"2022-05-13T09:23:31Z"}
{"level":"debug","msg":"*traefik.Provider provider configuration: {}","time":"2022-05-13T09:23:31Z"}
{"level":"debug","msg":"Configuration received from provider myresolver.acme: {\"http\":{},\"tls\":{}}","providerName":"myresolver.acme","time":"2022-05-13T09:23:31Z"}
{"level":"debug","msg":"*docker.Provider provider configuration: {\"watch\":true,\"endpoint\":\"unix:///var/run/docker.sock\",\"defaultRule\":\"Host(`{{ normalize .Name }}`)\",\"swarmModeRefreshSeconds\":\"15s\"}","time":"2022-05-13T09:23:31Z"}
{"ACME CA":"https://acme-v02.api.letsencrypt.org/directory","level":"debug","msg":"Attempt to renew certificates \"720h0m0s\" before expiry and check every \"24h0m0s\"","providerName":"myresolver.acme","time":"2022-05-13T09:23:31Z"}
{"level":"debug","msg":"Configuration received from provider internal: {\"http\":{\"routers\":{\"acme-http\":{\"entryPoints\":[\"http\"],\"service\":\"acme-http@internal\",\"rule\":\"PathPrefix(`/.well-known/acme-challenge/`)\",\"priority\":2147483647},\"http-to-https\":{\"entryPoints\":[\"http\"],\"middlewares\":[\"redirect-http-to-https\"],\"service\":\"noop@internal\",\"rule\":\"HostRegexp(`{host:.+}`)\",\"priority\":2147483646},\"prometheus\":{\"entryPoints\":[\"https\"],\"service\":\"prometheus@internal\",\"rule\":\"PathPrefix(`/metrics`)\",\"priority\":2147483647}},\"services\":{\"acme-http\":{},\"api\":{},\"dashboard\":{},\"noop\":{},\"prometheus\":{}},\"middlewares\":{\"redirect-http-to-https\":{\"redirectScheme\":{\"scheme\":\"https\",\"port\":\"443\",\"permanent\":true}}},\"models\":{\"https\":{\"tls\":{\"certResolver\":\"myresolver\"}}},\"serversTransports\":{\"default\":{\"maxIdleConnsPerHost\":200}}},\"tcp\":{},\"tls\":{}}","providerName":"internal","time":"2022-05-13T09:23:31Z"}
{"ACME CA":"https://acme-v02.api.letsencrypt.org/directory","level":"info","msg":"Testing certificate renew...","providerName":"myresolver.acme","time":"2022-05-13T09:23:31Z"}
{"level":"debug","msg":"*acme.ChallengeTLSALPN provider configuration: {\"Timeout\":4000000000}","time":"2022-05-13T09:23:31Z"}
{"level":"debug","msg":"No default certificate, generating one","time":"2022-05-13T09:23:31Z","tlsStoreName":"default"}
{"level":"debug","msg":"Provider connection established with docker 20.10.14 (API 1.41)","providerName":"docker","time":"2022-05-13T09:23:31Z"}
{"level":"debug","msg":"Configuration received from provider docker: {\"http\":{\"routers\":{\"traefik\":{\"entryPoints\":[\"https\"],\"service\":\"api@internal\",\"rule\":\"Host(`traefik-gr3.cefim-formation.org`)\"},\"whoami\":{\"entryPoints\":[\"http\"],\"service\":\"whoami\",\"rule\":\"Host(`whoami-gr3.cefim-formation.org`)\"}},\"services\":{\"traefik-traefik\":{\"loadBalancer\":{\"servers\":[{\"url\":\"http://172.22.0.2:80\"}],\"passHostHeader\":true}},\"whoami\":{\"loadBalancer\":{\"servers\":[{\"url\":\"http://172.21.0.2:80\"}],\"passHostHeader\":true}}}},\"tcp\":{},\"udp\":{}}","providerName":"docker","time":"2022-05-13T09:23:31Z"}
{"entryPointName":"http","level":"debug","middlewareName":"tracing","middlewareType":"TracingForwarder","msg":"Added outgoing tracing middleware noop@internal","routerName":"http-to-https@internal","time":"2022-05-13T09:23:31Z"}
{"entryPointName":"http","level":"debug","middlewareName":"redirect-http-to-https@internal","middlewareType":"RedirectScheme","msg":"Creating middleware","routerName":"http-to-https@internal","time":"2022-05-13T09:23:31Z"}
{"entryPointName":"http","level":"debug","middlewareName":"redirect-http-to-https@internal","middlewareType":"RedirectScheme","msg":"Setting up redirection to https 443","routerName":"http-to-https@internal","time":"2022-05-13T09:23:31Z"}
{"entryPointName":"http","level":"debug","middlewareName":"redirect-http-to-https@internal","msg":"Adding tracing to middleware","routerName":"http-to-https@internal","time":"2022-05-13T09:23:31Z"}
{"entryPointName":"http","level":"debug","middlewareName":"metrics-entrypoint","middlewareType":"Metrics","msg":"Creating middleware","routerName":"http-to-https@internal","time":"2022-05-13T09:23:31Z"}
{"entryPointName":"http","level":"debug","middlewareName":"tracing","middlewareType":"TracingForwarder","msg":"Added outgoing tracing middleware acme-http@internal","routerName":"acme-http@internal","time":"2022-05-13T09:23:31Z"}
{"entryPointName":"http","level":"debug","middlewareName":"metrics-entrypoint","middlewareType":"Metrics","msg":"Creating middleware","routerName":"acme-http@internal","time":"2022-05-13T09:23:31Z"}
{"entryPointName":"http","level":"debug","middlewareName":"traefik-internal-recovery","middlewareType":"Recovery","msg":"Creating middleware","time":"2022-05-13T09:23:31Z"}
{"entryPointName":"http","level":"debug","middlewareName":"metrics-entrypoint","middlewareType":"Metrics","msg":"Creating middleware","time":"2022-05-13T09:23:31Z"}
{"entryPointName":"https","level":"debug","middlewareName":"metrics-entrypoint","middlewareType":"Metrics","msg":"Creating middleware","time":"2022-05-13T09:23:31Z"}
{"entryPointName":"https","level":"debug","middlewareName":"tracing","middlewareType":"TracingForwarder","msg":"Added outgoing tracing middleware prometheus@internal","routerName":"prometheus@internal","time":"2022-05-13T09:23:31Z"}
{"entryPointName":"https","level":"debug","middlewareName":"metrics-entrypoint","middlewareType":"Metrics","msg":"Creating middleware","routerName":"prometheus@internal","time":"2022-05-13T09:23:31Z"}
{"entryPointName":"https","level":"debug","middlewareName":"traefik-internal-recovery","middlewareType":"Recovery","msg":"Creating middleware","time":"2022-05-13T09:23:31Z"}
{"entryPointName":"http","level":"debug","middlewareName":"metrics-entrypoint","middlewareType":"Metrics","msg":"Creating middleware","time":"2022-05-13T09:23:31Z"}
{"entryPointName":"https","level":"debug","middlewareName":"metrics-entrypoint","middlewareType":"Metrics","msg":"Creating middleware","time":"2022-05-13T09:23:31Z"}
{"entryPointName":"https","level":"warning","msg":"No domain found in rule PathPrefix(`/metrics`), the TLS options applied for this router will depend on the hostSNI of each request","routerName":"prometheus@internal","time":"2022-05-13T09:23:31Z"}
{"level":"debug","msg":"No default certificate, generating one","time":"2022-05-13T09:23:31Z","tlsStoreName":"default"}
{"ACME CA":"https://acme-v02.api.letsencrypt.org/directory","level":"debug","msg":"No domain parsed in provider ACME","providerName":"myresolver.acme","routerName":"prometheus@internal","rule":"PathPrefix(`/metrics`)","time":"2022-05-13T09:23:31Z"}
{"entryPointName":"http","level":"debug","middlewareName":"pipelining","middlewareType":"Pipelining","msg":"Creating middleware","routerName":"whoami@docker","serviceName":"whoami","time":"2022-05-13T09:23:31Z"}
{"entryPointName":"http","level":"debug","middlewareName":"metrics-service","middlewareType":"Metrics","msg":"Creating middleware","routerName":"whoami@docker","serviceName":"whoami","time":"2022-05-13T09:23:31Z"}
{"entryPointName":"http","level":"debug","msg":"Creating load-balancer","routerName":"whoami@docker","serviceName":"whoami","time":"2022-05-13T09:23:31Z"}
{"entryPointName":"http","level":"debug","msg":"Creating server 0 http://172.21.0.2:80","routerName":"whoami@docker","serverName":0,"serviceName":"whoami","time":"2022-05-13T09:23:31Z"}
{"level":"debug","msg":"child http://172.21.0.2:80 now UP","time":"2022-05-13T09:23:31Z"}
{"level":"debug","msg":"Propagating new UP status","time":"2022-05-13T09:23:31Z"}
{"entryPointName":"http","level":"debug","middlewareName":"tracing","middlewareType":"TracingForwarder","msg":"Added outgoing tracing middleware whoami","routerName":"whoami@docker","time":"2022-05-13T09:23:31Z"}
{"entryPointName":"http","level":"debug","middlewareName":"metrics-entrypoint","middlewareType":"Metrics","msg":"Creating middleware","routerName":"whoami@docker","time":"2022-05-13T09:23:31Z"}
{"entryPointName":"http","level":"debug","middlewareName":"tracing","middlewareType":"TracingForwarder","msg":"Added outgoing tracing middleware acme-http@internal","routerName":"acme-http@internal","time":"2022-05-13T09:23:31Z"}
{"entryPointName":"http","level":"debug","middlewareName":"metrics-entrypoint","middlewareType":"Metrics","msg":"Creating middleware","routerName":"acme-http@internal","time":"2022-05-13T09:23:31Z"}
{"entryPointName":"http","level":"debug","middlewareName":"tracing","middlewareType":"TracingForwarder","msg":"Added outgoing tracing middleware noop@internal","routerName":"http-to-https@internal","time":"2022-05-13T09:23:31Z"}
{"entryPointName":"http","level":"debug","middlewareName":"redirect-http-to-https@internal","middlewareType":"RedirectScheme","msg":"Creating middleware","routerName":"http-to-https@internal","time":"2022-05-13T09:23:31Z"}
{"entryPointName":"http","level":"debug","middlewareName":"redirect-http-to-https@internal","middlewareType":"RedirectScheme","msg":"Setting up redirection to https 443","routerName":"http-to-https@internal","time":"2022-05-13T09:23:31Z"}
{"entryPointName":"http","level":"debug","middlewareName":"redirect-http-to-https@internal","msg":"Adding tracing to middleware","routerName":"http-to-https@internal","time":"2022-05-13T09:23:31Z"}
{"entryPointName":"http","level":"debug","middlewareName":"metrics-entrypoint","middlewareType":"Metrics","msg":"Creating middleware","routerName":"http-to-https@internal","time":"2022-05-13T09:23:31Z"}
{"entryPointName":"http","level":"debug","middlewareName":"traefik-internal-recovery","middlewareType":"Recovery","msg":"Creating middleware","time":"2022-05-13T09:23:31Z"}
{"entryPointName":"http","level":"debug","middlewareName":"metrics-entrypoint","middlewareType":"Metrics","msg":"Creating middleware","time":"2022-05-13T09:23:32Z"}
{"entryPointName":"https","level":"debug","middlewareName":"metrics-entrypoint","middlewareType":"Metrics","msg":"Creating middleware","time":"2022-05-13T09:23:32Z"}
{"entryPointName":"https","level":"debug","middlewareName":"tracing","middlewareType":"TracingForwarder","msg":"Added outgoing tracing middleware prometheus@internal","routerName":"prometheus@internal","time":"2022-05-13T09:23:32Z"}
{"entryPointName":"https","level":"debug","middlewareName":"metrics-entrypoint","middlewareType":"Metrics","msg":"Creating middleware","routerName":"prometheus@internal","time":"2022-05-13T09:23:32Z"}
{"entryPointName":"https","level":"debug","middlewareName":"tracing","middlewareType":"TracingForwarder","msg":"Added outgoing tracing middleware api@internal","routerName":"traefik@docker","time":"2022-05-13T09:23:32Z"}
{"entryPointName":"https","level":"debug","middlewareName":"metrics-entrypoint","middlewareType":"Metrics","msg":"Creating middleware","routerName":"traefik@docker","time":"2022-05-13T09:23:32Z"}
{"entryPointName":"https","level":"debug","middlewareName":"traefik-internal-recovery","middlewareType":"Recovery","msg":"Creating middleware","time":"2022-05-13T09:23:32Z"}
{"entryPointName":"http","level":"debug","middlewareName":"metrics-entrypoint","middlewareType":"Metrics","msg":"Creating middleware","time":"2022-05-13T09:23:32Z"}
{"entryPointName":"https","level":"debug","middlewareName":"metrics-entrypoint","middlewareType":"Metrics","msg":"Creating middleware","time":"2022-05-13T09:23:32Z"}
{"entryPointName":"https","level":"warning","msg":"No domain found in rule PathPrefix(`/metrics`), the TLS options applied for this router will depend on the hostSNI of each request","routerName":"prometheus@internal","time":"2022-05-13T09:23:32Z"}
{"entryPointName":"https","level":"debug","msg":"Adding route for traefik-gr3.cefim-formation.org with TLS options default","time":"2022-05-13T09:23:32Z"}
{"ACME CA":"https://acme-v02.api.letsencrypt.org/directory","level":"debug","msg":"Try to challenge certificate for domain [traefik-gr3.cefim-formation.org] found in HostSNI rule","providerName":"myresolver.acme","routerName":"traefik@docker","rule":"Host(`traefik-gr3.cefim-formation.org`)","time":"2022-05-13T09:23:32Z"}
{"ACME CA":"https://acme-v02.api.letsencrypt.org/directory","level":"debug","msg":"No domain parsed in provider ACME","providerName":"myresolver.acme","routerName":"prometheus@internal","rule":"PathPrefix(`/metrics`)","time":"2022-05-13T09:23:32Z"}
{"ACME CA":"https://acme-v02.api.letsencrypt.org/directory","level":"debug","msg":"Looking for provided certificate(s) to validate [\"traefik-gr3.cefim-formation.org\"]...","providerName":"myresolver.acme","routerName":"traefik@docker","rule":"Host(`traefik-gr3.cefim-formation.org`)","time":"2022-05-13T09:23:32Z"}
{"ACME CA":"https://acme-v02.api.letsencrypt.org/directory","level":"debug","msg":"Domains [\"traefik-gr3.cefim-formation.org\"] need ACME certificates generation for domains \"traefik-gr3.cefim-formation.org\".","providerName":"myresolver.acme","routerName":"traefik@docker","rule":"Host(`traefik-gr3.cefim-formation.org`)","time":"2022-05-13T09:23:32Z"}
{"ACME CA":"https://acme-v02.api.letsencrypt.org/directory","level":"debug","msg":"Loading ACME certificates [traefik-gr3.cefim-formation.org]...","providerName":"myresolver.acme","routerName":"traefik@docker","rule":"Host(`traefik-gr3.cefim-formation.org`)","time":"2022-05-13T09:23:32Z"}
{"level":"debug","msg":"Building ACME client...","providerName":"myresolver.acme","time":"2022-05-13T09:23:35Z"}
{"level":"debug","msg":"https://acme-v02.api.letsencrypt.org/directory","providerName":"myresolver.acme","time":"2022-05-13T09:23:35Z"}
{"level":"info","msg":"Register...","providerName":"myresolver.acme","time":"2022-05-13T09:23:35Z"}
{"level":"debug","msg":"legolog: [INFO] acme: Registering account for test@example.com","time":"2022-05-13T09:23:35Z"}
{"ACME CA":"https://acme-v02.api.letsencrypt.org/directory","level":"error","msg":"Unable to obtain ACME certificate for domains \"traefik-gr3.cefim-formation.org\": cannot get ACME client acme: error: 400 :: POST :: https://acme-v02.api.letsencrypt.org/acme/new-acct :: urn:ietf:params:acme:error:invalidEmail :: Error creating new account :: invalid contact domain. Contact emails @example.com are forbidden","providerName":"myresolver.acme","routerName":"traefik@docker","rule":"Host(`traefik-gr3.cefim-formation.org`)","time":"2022-05-13T09:23:36Z"}
